<?xml version="1.0" encoding="UTF-8"?>
<testsuite name="brut.androlib.aapt1.BuildAndDecodeJarTest" tests="1" skipped="0" failures="0" errors="0" timestamp="2020-10-19T04:32:03" hostname="DESKTOP-FCPO06O" time="0.0">
  <properties/>
  <testcase name="buildAndDecodeTest" classname="brut.androlib.aapt1.BuildAndDecodeJarTest" time="0.0"/>
  <system-out><![CDATA[]]></system-out>
  <system-err><![CDATA[十月 19, 2020 12:32:03 下午 brut.androlib.aapt1.BuildAndDecodeJarTest beforeClass
信息: Unpacking testjar...
十月 19, 2020 12:32:03 下午 brut.androlib.aapt1.BuildAndDecodeJarTest beforeClass
信息: Building testjar.jar...
十月 19, 2020 12:32:03 下午 brut.androlib.Androlib build
信息: Using Apktool 2.4.2-dirty
十月 19, 2020 12:32:03 下午 brut.androlib.Androlib buildSourcesSmali
信息: Checking whether sources has changed...
十月 19, 2020 12:32:03 下午 brut.androlib.Androlib buildSourcesSmali
信息: Smaling smali folder into classes.dex...
十月 19, 2020 12:32:03 下午 brut.androlib.Androlib buildResources
警告: Could not find resources
十月 19, 2020 12:32:03 下午 brut.androlib.Androlib buildApk
信息: Building apk file...
十月 19, 2020 12:32:03 下午 brut.androlib.Androlib build
信息: Built apk...
十月 19, 2020 12:32:03 下午 brut.androlib.aapt1.BuildAndDecodeJarTest beforeClass
信息: Decoding testjar.jar...
十月 19, 2020 12:32:03 下午 brut.androlib.ApkDecoder decode
信息: Using Apktool 2.4.2-dirty on testjar.jar
十月 19, 2020 12:32:03 下午 brut.androlib.Androlib decodeSourcesSmali
信息: Baksmaling classes.dex...
十月 19, 2020 12:32:03 下午 brut.androlib.Androlib decodeRawFiles
信息: Copying assets and libs...
十月 19, 2020 12:32:03 下午 brut.androlib.Androlib decodeUnknownFiles
信息: Copying unknown files...
十月 19, 2020 12:32:03 下午 brut.androlib.Androlib writeOriginalFiles
信息: Copying original files...
]]></system-err>
</testsuite>
