<?xml version="1.0" encoding="UTF-8"?>
<testsuite name="brut.androlib.aapt1.DebugTagRetainedTest" tests="2" skipped="0" failures="0" errors="0" timestamp="2020-10-19T04:32:09" hostname="DESKTOP-FCPO06O" time="0.003">
  <properties/>
  <testcase name="buildAndDecodeTest" classname="brut.androlib.aapt1.DebugTagRetainedTest" time="0.0"/>
  <testcase name="DebugIsTruePriorToBeingFalseTest" classname="brut.androlib.aapt1.DebugTagRetainedTest" time="0.003"/>
  <system-out><![CDATA[]]></system-out>
  <system-err><![CDATA[十月 19, 2020 12:32:07 下午 brut.androlib.aapt1.DebugTagRetainedTest beforeClass
信息: Unpacking issue1235...
十月 19, 2020 12:32:07 下午 brut.androlib.aapt1.DebugTagRetainedTest beforeClass
信息: Building issue1235.apk...
十月 19, 2020 12:32:07 下午 brut.androlib.Androlib build
信息: Using Apktool 2.4.2-dirty
十月 19, 2020 12:32:07 下午 brut.androlib.Androlib buildSources
警告: Could not find sources
十月 19, 2020 12:32:07 下午 brut.androlib.Androlib buildResourcesFull
信息: Checking whether resources has changed...
十月 19, 2020 12:32:07 下午 brut.androlib.Androlib buildResourcesFull
信息: Building resources...
十月 19, 2020 12:32:08 下午 brut.androlib.Androlib buildApk
信息: Building apk file...
十月 19, 2020 12:32:08 下午 brut.androlib.Androlib build
信息: Built apk...
十月 19, 2020 12:32:08 下午 brut.androlib.aapt1.DebugTagRetainedTest beforeClass
信息: Decoding issue1235.apk...
十月 19, 2020 12:32:08 下午 brut.androlib.ApkDecoder decode
信息: Using Apktool 2.4.2-dirty on issue1235.apk
十月 19, 2020 12:32:08 下午 brut.androlib.res.AndrolibResources loadMainPkg
信息: Loading resource table...
十月 19, 2020 12:32:08 下午 brut.androlib.res.AndrolibResources decodeManifestWithResources
信息: Decoding AndroidManifest.xml with resources...
十月 19, 2020 12:32:08 下午 brut.androlib.res.AndrolibResources loadFrameworkPkg
信息: Loading resource table from file: C:\Users\Yang\AppData\Local\apktool\framework\1.apk
十月 19, 2020 12:32:09 下午 brut.androlib.res.AndrolibResources adjustPackageManifest
信息: Regular manifest package...
十月 19, 2020 12:32:09 下午 brut.androlib.res.AndrolibResources decode
信息: Decoding file-resources...
十月 19, 2020 12:32:09 下午 brut.androlib.res.AndrolibResources decode
信息: Decoding values */* XMLs...
十月 19, 2020 12:32:09 下午 brut.androlib.Androlib decodeRawFiles
信息: Copying assets and libs...
十月 19, 2020 12:32:09 下午 brut.androlib.Androlib decodeUnknownFiles
信息: Copying unknown files...
十月 19, 2020 12:32:09 下午 brut.androlib.Androlib writeOriginalFiles
信息: Copying original files...
]]></system-err>
</testsuite>
