<?xml version="1.0" encoding="UTF-8"?>
<testsuite name="brut.androlib.aapt1.AndroidOreoSparseTest" tests="2" skipped="0" failures="0" errors="0" timestamp="2020-10-19T04:32:03" hostname="DESKTOP-FCPO06O" time="0.001">
  <properties/>
  <testcase name="buildAndDecodeTest" classname="brut.androlib.aapt1.AndroidOreoSparseTest" time="0.001"/>
  <testcase name="ensureStringsOreoTest" classname="brut.androlib.aapt1.AndroidOreoSparseTest" time="0.0"/>
  <system-out><![CDATA[]]></system-out>
  <system-err><![CDATA[十月 19, 2020 12:32:02 下午 brut.androlib.aapt1.AndroidOreoSparseTest beforeClass
信息: Unpacking sparse.apk...
十月 19, 2020 12:32:02 下午 brut.androlib.aapt1.AndroidOreoSparseTest beforeClass
信息: Decoding sparse.apk...
十月 19, 2020 12:32:02 下午 brut.androlib.ApkDecoder decode
信息: Using Apktool 2.4.2-dirty on sparse.apk
十月 19, 2020 12:32:02 下午 brut.androlib.res.AndrolibResources loadMainPkg
信息: Loading resource table...
十月 19, 2020 12:32:02 下午 brut.androlib.res.decoder.ARSCDecoder readTableType
信息: Sparse type flags detected: integer
十月 19, 2020 12:32:02 下午 brut.androlib.res.decoder.ARSCDecoder readTableType
信息: Sparse type flags detected: string
十月 19, 2020 12:32:02 下午 brut.androlib.res.AndrolibResources decodeManifestWithResources
信息: Decoding AndroidManifest.xml with resources...
十月 19, 2020 12:32:03 下午 brut.androlib.res.AndrolibResources adjustPackageManifest
信息: Regular manifest package...
十月 19, 2020 12:32:03 下午 brut.androlib.res.AndrolibResources decode
信息: Decoding file-resources...
十月 19, 2020 12:32:03 下午 brut.androlib.res.AndrolibResources decode
信息: Decoding values */* XMLs...
十月 19, 2020 12:32:03 下午 brut.androlib.Androlib decodeRawFiles
信息: Copying assets and libs...
十月 19, 2020 12:32:03 下午 brut.androlib.Androlib decodeUnknownFiles
信息: Copying unknown files...
十月 19, 2020 12:32:03 下午 brut.androlib.Androlib writeOriginalFiles
信息: Copying original files...
十月 19, 2020 12:32:03 下午 brut.androlib.aapt1.AndroidOreoSparseTest beforeClass
信息: Building sparse.apk...
十月 19, 2020 12:32:03 下午 brut.androlib.Androlib build
信息: Using Apktool 2.4.2-dirty
十月 19, 2020 12:32:03 下午 brut.androlib.Androlib buildSources
警告: Could not find sources
十月 19, 2020 12:32:03 下午 brut.androlib.Androlib buildResourcesFull
信息: Checking whether resources has changed...
十月 19, 2020 12:32:03 下午 brut.androlib.Androlib buildResourcesFull
信息: Building resources...
十月 19, 2020 12:32:03 下午 java.util.logging.LogManager$RootLogger log
警告: W/thread  (14952): WARNING: bad result from unlocking mutex
十月 19, 2020 12:32:03 下午 brut.androlib.Androlib buildApk
信息: Building apk file...
十月 19, 2020 12:32:03 下午 brut.androlib.Androlib buildUnknownFiles
信息: Copying unknown files/dir...
十月 19, 2020 12:32:03 下午 brut.androlib.Androlib build
信息: Built apk...
]]></system-err>
</testsuite>
