<?xml version="1.0" encoding="UTF-8"?>
<testsuite name="brut.androlib.decode.MissingDiv9PatchTest" tests="1" skipped="0" failures="0" errors="0" timestamp="2020-10-19T04:33:23" hostname="DESKTOP-FCPO06O" time="0.007">
  <properties/>
  <testcase name="assertMissingDivAdded" classname="brut.androlib.decode.MissingDiv9PatchTest" time="0.007"/>
  <system-out><![CDATA[]]></system-out>
  <system-err><![CDATA[]]></system-err>
</testsuite>
