<?xml version="1.0" encoding="UTF-8"?>
<testsuite name="brut.androlib.aapt2.DebuggableTrueAddedTest" tests="2" skipped="0" failures="0" errors="0" timestamp="2020-10-19T04:32:50" hostname="DESKTOP-FCPO06O" time="0.001">
  <properties/>
  <testcase name="buildAndDecodeTest" classname="brut.androlib.aapt2.DebuggableTrueAddedTest" time="0.0"/>
  <testcase name="DebugIsTruePriorToBeingFalseTest" classname="brut.androlib.aapt2.DebuggableTrueAddedTest" time="0.001"/>
  <system-out><![CDATA[]]></system-out>
  <system-err><![CDATA[十月 19, 2020 12:32:48 下午 brut.androlib.aapt2.DebuggableTrueAddedTest beforeClass
信息: Unpacking issue2328-debuggable-missing...
十月 19, 2020 12:32:48 下午 brut.androlib.aapt2.DebuggableTrueAddedTest beforeClass
信息: Building issue2328-debuggable-missing.apk...
十月 19, 2020 12:32:48 下午 brut.androlib.Androlib build
信息: Using Apktool 2.4.2-dirty
十月 19, 2020 12:32:48 下午 brut.androlib.Androlib buildSources
警告: Could not find sources
十月 19, 2020 12:32:48 下午 brut.androlib.Androlib buildResourcesFull
信息: Checking whether resources has changed...
十月 19, 2020 12:32:48 下午 brut.androlib.Androlib buildResourcesFull
信息: Building resources...
十月 19, 2020 12:32:48 下午 brut.androlib.Androlib buildResourcesFull
信息: Using aapt2 - setting 'debuggable' attribute to 'true' in AndroidManifest.xml
十月 19, 2020 12:32:49 下午 java.util.logging.LogManager$RootLogger log
警告: note: including C:\Users\Yang\AppData\Local\apktool\framework\1.apk.
十月 19, 2020 12:32:49 下午 java.util.logging.LogManager$RootLogger log
警告: brut_util_Jar_53715662863577499482100994717878233070.tmp W 10-19 12:32:49 10748  5484 ApkAssets.cpp:137] resources.arsc in APK 'C:\Users\Yang\AppData\Local\apktool\framework\1.apk' is compressed.
十月 19, 2020 12:32:49 下午 java.util.logging.LogManager$RootLogger log
警告: note: linking package 'com.ibotpeaches.issue2328' using package ID 7f.
十月 19, 2020 12:32:49 下午 java.util.logging.LogManager$RootLogger log
警告: note: merging archive C:\Users\Yang\AppData\Local\Temp\BRUT2029823853770530326.tmp\issue2328-debuggable-missing-orig\build\resources.zip.
十月 19, 2020 12:32:49 下午 java.util.logging.LogManager$RootLogger log
警告: note: enabling pre-O feature split ID rewriting.
十月 19, 2020 12:32:49 下午 java.util.logging.LogManager$RootLogger log
警告: AndroidManifest.xml: note: writing to archive (keep_raw_values=false).
十月 19, 2020 12:32:49 下午 java.util.logging.LogManager$RootLogger log
警告: note: writing AndroidManifest.xml to archive.
十月 19, 2020 12:32:49 下午 java.util.logging.LogManager$RootLogger log
警告: note: writing resources.arsc to archive.
十月 19, 2020 12:32:49 下午 brut.androlib.Androlib buildApk
信息: Building apk file...
十月 19, 2020 12:32:49 下午 brut.androlib.Androlib build
信息: Built apk...
十月 19, 2020 12:32:49 下午 brut.androlib.aapt2.DebuggableTrueAddedTest beforeClass
信息: Decoding issue2328-debuggable-missing.apk...
十月 19, 2020 12:32:49 下午 brut.androlib.ApkDecoder decode
信息: Using Apktool 2.4.2-dirty on issue2328-debuggable-missing.apk
十月 19, 2020 12:32:49 下午 brut.androlib.res.AndrolibResources loadMainPkg
信息: Loading resource table...
十月 19, 2020 12:32:49 下午 brut.androlib.res.AndrolibResources decodeManifestWithResources
信息: Decoding AndroidManifest.xml with resources...
十月 19, 2020 12:32:49 下午 brut.androlib.res.AndrolibResources loadFrameworkPkg
信息: Loading resource table from file: C:\Users\Yang\AppData\Local\apktool\framework\1.apk
十月 19, 2020 12:32:50 下午 brut.androlib.res.AndrolibResources adjustPackageManifest
信息: Regular manifest package...
十月 19, 2020 12:32:50 下午 brut.androlib.res.AndrolibResources decode
信息: Decoding file-resources...
十月 19, 2020 12:32:50 下午 brut.androlib.res.AndrolibResources decode
信息: Decoding values */* XMLs...
十月 19, 2020 12:32:50 下午 brut.androlib.Androlib decodeRawFiles
信息: Copying assets and libs...
十月 19, 2020 12:32:50 下午 brut.androlib.Androlib decodeUnknownFiles
信息: Copying unknown files...
十月 19, 2020 12:32:50 下午 brut.androlib.Androlib writeOriginalFiles
信息: Copying original files...
]]></system-err>
</testsuite>
