<?xml version="1.0" encoding="UTF-8"?>
<testsuite name="brut.androlib.encoders.PositionalEnumerationTest" tests="7" skipped="0" failures="0" errors="0" timestamp="2020-10-19T04:33:30" hostname="DESKTOP-FCPO06O" time="0.001">
  <properties/>
  <testcase name="twoPositionalArgumentsTest" classname="brut.androlib.encoders.PositionalEnumerationTest" time="0.0"/>
  <testcase name="threeArgumentsTest" classname="brut.androlib.encoders.PositionalEnumerationTest" time="0.0"/>
  <testcase name="threePositionalArgumentsTest" classname="brut.androlib.encoders.PositionalEnumerationTest" time="0.0"/>
  <testcase name="fourArgumentsTest" classname="brut.androlib.encoders.PositionalEnumerationTest" time="0.001"/>
  <testcase name="fourPositionalArgumentsTest" classname="brut.androlib.encoders.PositionalEnumerationTest" time="0.0"/>
  <testcase name="noArgumentsTest" classname="brut.androlib.encoders.PositionalEnumerationTest" time="0.0"/>
  <testcase name="twoArgumentsTest" classname="brut.androlib.encoders.PositionalEnumerationTest" time="0.0"/>
  <system-out><![CDATA[]]></system-out>
  <system-err><![CDATA[]]></system-err>
</testsuite>
