<?xml version="1.0" encoding="UTF-8"?>
<testsuite name="brut.androlib.aapt1.UnknownCompressionTest" tests="4" skipped="0" failures="0" errors="0" timestamp="2020-10-19T04:32:45" hostname="DESKTOP-FCPO06O" time="0.0">
  <properties/>
  <testcase name="confirmPngFileIsCorrectlyDeflatedTest" classname="brut.androlib.aapt1.UnknownCompressionTest" time="0.0"/>
  <testcase name="pkmExtensionDeflatedTest" classname="brut.androlib.aapt1.UnknownCompressionTest" time="0.0"/>
  <testcase name="confirmJsonFileIsDeflatedTest" classname="brut.androlib.aapt1.UnknownCompressionTest" time="0.0"/>
  <testcase name="doubleExtensionStoredTest" classname="brut.androlib.aapt1.UnknownCompressionTest" time="0.0"/>
  <system-out><![CDATA[]]></system-out>
  <system-err><![CDATA[十月 19, 2020 12:32:43 下午 brut.androlib.ApkDecoder decode
信息: Using Apktool 2.4.2-dirty on deflated_unknowns.apk
十月 19, 2020 12:32:43 下午 brut.androlib.res.AndrolibResources loadMainPkg
信息: Loading resource table...
十月 19, 2020 12:32:43 下午 brut.androlib.res.AndrolibResources decodeManifestWithResources
信息: Decoding AndroidManifest.xml with resources...
十月 19, 2020 12:32:43 下午 brut.androlib.res.AndrolibResources loadFrameworkPkg
信息: Loading resource table from file: C:\Users\Yang\AppData\Local\apktool\framework\1.apk
十月 19, 2020 12:32:44 下午 brut.androlib.res.AndrolibResources adjustPackageManifest
信息: Regular manifest package...
十月 19, 2020 12:32:44 下午 brut.androlib.res.AndrolibResources decode
信息: Decoding file-resources...
十月 19, 2020 12:32:44 下午 brut.androlib.res.AndrolibResources decode
信息: Decoding values */* XMLs...
十月 19, 2020 12:32:44 下午 brut.androlib.Androlib decodeSourcesSmali
信息: Baksmaling classes.dex...
十月 19, 2020 12:32:44 下午 brut.androlib.Androlib decodeRawFiles
信息: Copying assets and libs...
十月 19, 2020 12:32:44 下午 brut.androlib.Androlib decodeUnknownFiles
信息: Copying unknown files...
十月 19, 2020 12:32:44 下午 brut.androlib.Androlib writeOriginalFiles
信息: Copying original files...
十月 19, 2020 12:32:44 下午 brut.androlib.Androlib build
信息: Using Apktool 2.4.2-dirty
十月 19, 2020 12:32:44 下午 brut.androlib.Androlib buildSourcesSmali
信息: Checking whether sources has changed...
十月 19, 2020 12:32:44 下午 brut.androlib.Androlib buildSourcesSmali
信息: Smaling smali folder into classes.dex...
十月 19, 2020 12:32:44 下午 brut.androlib.Androlib buildResourcesFull
信息: Checking whether resources has changed...
十月 19, 2020 12:32:44 下午 brut.androlib.Androlib buildResourcesFull
信息: Building resources...
十月 19, 2020 12:32:45 下午 brut.androlib.Androlib buildApk
信息: Building apk file...
十月 19, 2020 12:32:45 下午 brut.androlib.Androlib buildUnknownFiles
信息: Copying unknown files/dir...
十月 19, 2020 12:32:45 下午 brut.androlib.Androlib build
信息: Built apk...
]]></system-err>
</testsuite>
