<?xml version="1.0" encoding="UTF-8"?>
<testsuite name="brut.androlib.decode.DecodeKotlinTest" tests="2" skipped="0" failures="0" errors="0" timestamp="2020-10-19T04:33:12" hostname="DESKTOP-FCPO06O" time="0.001">
  <properties/>
  <testcase name="kotlinDecodeTest" classname="brut.androlib.decode.DecodeKotlinTest" time="0.0"/>
  <testcase name="kotlinFolderExistsTest" classname="brut.androlib.decode.DecodeKotlinTest" time="0.001"/>
  <system-out><![CDATA[]]></system-out>
  <system-err><![CDATA[十月 19, 2020 12:33:08 下午 brut.androlib.ApkDecoder decode
信息: Using Apktool 2.4.2-dirty on testkotlin.apk
十月 19, 2020 12:33:08 下午 brut.androlib.res.AndrolibResources loadMainPkg
信息: Loading resource table...
十月 19, 2020 12:33:08 下午 brut.androlib.res.AndrolibResources decodeManifestWithResources
信息: Decoding AndroidManifest.xml with resources...
十月 19, 2020 12:33:08 下午 brut.androlib.res.AndrolibResources loadFrameworkPkg
信息: Loading resource table from file: C:\Users\Yang\AppData\Local\apktool\framework\1.apk
十月 19, 2020 12:33:09 下午 brut.androlib.res.AndrolibResources adjustPackageManifest
信息: Regular manifest package...
十月 19, 2020 12:33:09 下午 brut.androlib.res.AndrolibResources decode
信息: Decoding file-resources...
十月 19, 2020 12:33:10 下午 brut.androlib.res.AndrolibResources decode
信息: Decoding values */* XMLs...
十月 19, 2020 12:33:10 下午 brut.androlib.Androlib decodeSourcesSmali
信息: Baksmaling classes.dex...
十月 19, 2020 12:33:12 下午 brut.androlib.Androlib decodeRawFiles
信息: Copying assets and libs...
十月 19, 2020 12:33:12 下午 brut.androlib.Androlib decodeUnknownFiles
信息: Copying unknown files...
十月 19, 2020 12:33:12 下午 brut.androlib.Androlib writeOriginalFiles
信息: Copying original files...
]]></system-err>
</testsuite>
