<?xml version="1.0" encoding="UTF-8"?>
<testsuite name="brut.androlib.decode.DuplicateDexTest" tests="2" skipped="0" failures="0" errors="0" timestamp="2020-10-19T04:33:15" hostname="DESKTOP-FCPO06O" time="2.562">
  <properties/>
  <testcase name="decodeAllSourcesShouldThrowException" classname="brut.androlib.decode.DuplicateDexTest" time="1.156"/>
  <testcase name="decodeUsingOnlyMainClassesMode" classname="brut.androlib.decode.DuplicateDexTest" time="1.406"/>
  <system-out><![CDATA[]]></system-out>
  <system-err><![CDATA[十月 19, 2020 12:33:15 下午 brut.androlib.decode.DuplicateDexTest beforeClass
信息: Unpacking duplicatedex.apk...
十月 19, 2020 12:33:15 下午 brut.androlib.decode.DuplicateDexTest decodeAllSourcesShouldThrowException
信息: Decoding duplicatedex.apk...
十月 19, 2020 12:33:15 下午 brut.androlib.ApkDecoder decode
信息: Using Apktool 2.4.2-dirty on duplicatedex.apk
十月 19, 2020 12:33:15 下午 brut.androlib.res.AndrolibResources loadMainPkg
信息: Loading resource table...
十月 19, 2020 12:33:15 下午 brut.androlib.res.AndrolibResources decodeManifestWithResources
信息: Decoding AndroidManifest.xml with resources...
十月 19, 2020 12:33:15 下午 brut.androlib.res.AndrolibResources loadFrameworkPkg
信息: Loading resource table from file: C:\Users\Yang\AppData\Local\apktool\framework\1.apk
十月 19, 2020 12:33:16 下午 brut.androlib.res.AndrolibResources adjustPackageManifest
信息: Regular manifest package...
十月 19, 2020 12:33:16 下午 brut.androlib.res.AndrolibResources decode
信息: Decoding file-resources...
十月 19, 2020 12:33:16 下午 brut.androlib.res.AndrolibResources decode
信息: Decoding values */* XMLs...
十月 19, 2020 12:33:16 下午 brut.androlib.Androlib decodeSourcesSmali
信息: Baksmaling classes.dex...
十月 19, 2020 12:33:16 下午 brut.androlib.Androlib decodeSourcesSmali
信息: Baksmaling assets.dex...
十月 19, 2020 12:33:16 下午 brut.androlib.Androlib decodeSourcesSmali
信息: Baksmaling assets/duplicate.dex...
十月 19, 2020 12:33:16 下午 brut.androlib.Androlib decodeRawFiles
信息: Copying assets and libs...
十月 19, 2020 12:33:16 下午 brut.androlib.Androlib decodeUnknownFiles
信息: Copying unknown files...
十月 19, 2020 12:33:16 下午 brut.androlib.Androlib writeOriginalFiles
信息: Copying original files...
十月 19, 2020 12:33:16 下午 brut.androlib.decode.DuplicateDexTest decodeAllSourcesShouldThrowException
信息: Building duplicatedex.apk...
十月 19, 2020 12:33:16 下午 brut.androlib.Androlib build
信息: Using Apktool 2.4.2-dirty
十月 19, 2020 12:33:16 下午 brut.androlib.Androlib buildSourcesSmali
信息: Checking whether sources has changed...
十月 19, 2020 12:33:16 下午 brut.androlib.Androlib buildSourcesSmali
信息: Smaling smali folder into classes.dex...
十月 19, 2020 12:33:16 下午 brut.androlib.Androlib buildSourcesSmali
信息: Checking whether sources has changed...
十月 19, 2020 12:33:16 下午 brut.androlib.Androlib buildSourcesSmali
信息: Smaling smali_assets folder into assets.dex...
..\..\..\..\AppData\Local\Temp\BRUT2030039147248402240.tmp\duplicatedex-new\smali_assets\se\test\meeh\BuildConfig.smali[17,61] Class Lse/test/meeh/BuildConfig; has already been interned
十月 19, 2020 12:33:16 下午 brut.androlib.decode.DuplicateDexTest beforeClass
信息: Unpacking duplicatedex.apk...
十月 19, 2020 12:33:16 下午 brut.androlib.decode.DuplicateDexTest decodeUsingOnlyMainClassesMode
信息: Decoding duplicatedex.apk...
十月 19, 2020 12:33:16 下午 brut.androlib.ApkDecoder decode
信息: Using Apktool 2.4.2-dirty on duplicatedex.apk
十月 19, 2020 12:33:16 下午 brut.androlib.res.AndrolibResources loadMainPkg
信息: Loading resource table...
十月 19, 2020 12:33:16 下午 brut.androlib.res.AndrolibResources decodeManifestWithResources
信息: Decoding AndroidManifest.xml with resources...
十月 19, 2020 12:33:16 下午 brut.androlib.res.AndrolibResources loadFrameworkPkg
信息: Loading resource table from file: C:\Users\Yang\AppData\Local\apktool\framework\1.apk
十月 19, 2020 12:33:17 下午 brut.androlib.res.AndrolibResources adjustPackageManifest
信息: Regular manifest package...
十月 19, 2020 12:33:17 下午 brut.androlib.res.AndrolibResources decode
信息: Decoding file-resources...
十月 19, 2020 12:33:17 下午 brut.androlib.res.AndrolibResources decode
信息: Decoding values */* XMLs...
十月 19, 2020 12:33:17 下午 brut.androlib.Androlib decodeSourcesSmali
信息: Baksmaling classes.dex...
十月 19, 2020 12:33:17 下午 brut.androlib.Androlib decodeSourcesRaw
信息: Copying raw assets.dex file...
十月 19, 2020 12:33:17 下午 brut.androlib.Androlib decodeSourcesRaw
信息: Copying raw assets/duplicate.dex file...
十月 19, 2020 12:33:17 下午 brut.androlib.Androlib decodeRawFiles
信息: Copying assets and libs...
十月 19, 2020 12:33:17 下午 brut.androlib.Androlib decodeUnknownFiles
信息: Copying unknown files...
十月 19, 2020 12:33:17 下午 brut.androlib.Androlib writeOriginalFiles
信息: Copying original files...
十月 19, 2020 12:33:17 下午 brut.androlib.decode.DuplicateDexTest decodeUsingOnlyMainClassesMode
信息: Building duplicatedex.apk...
十月 19, 2020 12:33:17 下午 brut.androlib.Androlib build
信息: Using Apktool 2.4.2-dirty
十月 19, 2020 12:33:17 下午 brut.androlib.Androlib buildSourcesSmali
信息: Checking whether sources has changed...
十月 19, 2020 12:33:17 下午 brut.androlib.Androlib buildSourcesSmali
信息: Smaling smali folder into classes.dex...
十月 19, 2020 12:33:17 下午 brut.androlib.Androlib buildSourcesRaw
信息: Copying C:\Users\Yang\AppData\Local\Temp\BRUT7067726172459425927.tmp\duplicatedex-new assets.dex file...
十月 19, 2020 12:33:17 下午 brut.androlib.Androlib buildResourcesFull
信息: Checking whether resources has changed...
十月 19, 2020 12:33:17 下午 brut.androlib.Androlib buildResourcesFull
信息: Building resources...
十月 19, 2020 12:33:17 下午 brut.androlib.Androlib buildApk
信息: Building apk file...
十月 19, 2020 12:33:17 下午 brut.androlib.Androlib buildUnknownFiles
信息: Copying unknown files/dir...
十月 19, 2020 12:33:17 下午 brut.androlib.Androlib build
信息: Built apk...
]]></system-err>
</testsuite>
