<?xml version="1.0" encoding="UTF-8"?>
<testsuite name="brut.androlib.aapt1.SkipAssetTest" tests="2" skipped="0" failures="0" errors="0" timestamp="2020-10-19T04:32:32" hostname="DESKTOP-FCPO06O" time="8.701">
  <properties/>
  <testcase name="checkControl" classname="brut.androlib.aapt1.SkipAssetTest" time="3.247"/>
  <testcase name="checkIfEnablingSkipAssetWorks" classname="brut.androlib.aapt1.SkipAssetTest" time="5.454"/>
  <system-out><![CDATA[]]></system-out>
  <system-err><![CDATA[十月 19, 2020 12:32:32 下午 brut.androlib.ApkDecoder decode
信息: Using Apktool 2.4.2-dirty on issue1605.apk
十月 19, 2020 12:32:32 下午 brut.androlib.res.AndrolibResources loadMainPkg
信息: Loading resource table...
十月 19, 2020 12:32:32 下午 brut.androlib.res.AndrolibResources decodeManifestWithResources
信息: Decoding AndroidManifest.xml with resources...
十月 19, 2020 12:32:32 下午 brut.androlib.res.AndrolibResources loadFrameworkPkg
信息: Loading resource table from file: C:\Users\Yang\AppData\Local\apktool\framework\1.apk
十月 19, 2020 12:32:33 下午 brut.androlib.res.AndrolibResources adjustPackageManifest
信息: Regular manifest package...
十月 19, 2020 12:32:33 下午 brut.androlib.res.AndrolibResources decode
信息: Decoding file-resources...
十月 19, 2020 12:32:34 下午 brut.androlib.res.AndrolibResources decode
信息: Decoding values */* XMLs...
十月 19, 2020 12:32:34 下午 brut.androlib.Androlib decodeSourcesSmali
信息: Baksmaling classes.dex...
十月 19, 2020 12:32:35 下午 brut.androlib.Androlib decodeRawFiles
信息: Copying assets and libs...
十月 19, 2020 12:32:35 下午 brut.androlib.Androlib decodeUnknownFiles
信息: Copying unknown files...
十月 19, 2020 12:32:35 下午 brut.androlib.Androlib writeOriginalFiles
信息: Copying original files...
十月 19, 2020 12:32:38 下午 brut.androlib.ApkDecoder decode
信息: Using Apktool 2.4.2-dirty on issue1605.apk
十月 19, 2020 12:32:38 下午 brut.androlib.res.AndrolibResources loadMainPkg
信息: Loading resource table...
十月 19, 2020 12:32:38 下午 brut.androlib.res.AndrolibResources decodeManifestWithResources
信息: Decoding AndroidManifest.xml with resources...
十月 19, 2020 12:32:38 下午 brut.androlib.res.AndrolibResources loadFrameworkPkg
信息: Loading resource table from file: C:\Users\Yang\AppData\Local\apktool\framework\1.apk
十月 19, 2020 12:32:39 下午 brut.androlib.res.AndrolibResources adjustPackageManifest
信息: Regular manifest package...
十月 19, 2020 12:32:39 下午 brut.androlib.res.AndrolibResources decode
信息: Decoding file-resources...
十月 19, 2020 12:32:40 下午 brut.androlib.res.AndrolibResources decode
信息: Decoding values */* XMLs...
十月 19, 2020 12:32:40 下午 brut.androlib.Androlib decodeSourcesSmali
信息: Baksmaling classes.dex...
十月 19, 2020 12:32:41 下午 brut.androlib.Androlib decodeRawFiles
信息: Copying assets and libs...
十月 19, 2020 12:32:41 下午 brut.androlib.Androlib decodeUnknownFiles
信息: Copying unknown files...
十月 19, 2020 12:32:41 下午 brut.androlib.Androlib writeOriginalFiles
信息: Copying original files...
]]></system-err>
</testsuite>
