<?xml version="1.0" encoding="UTF-8"?>
<testsuite name="brut.androlib.util.UnknownDirectoryTraversalTest" tests="6" skipped="0" failures="0" errors="0" timestamp="2020-10-19T04:33:30" hostname="DESKTOP-FCPO06O" time="0.003">
  <properties/>
  <testcase name="invalidBackwardPathOnWindows" classname="brut.androlib.util.UnknownDirectoryTraversalTest" time="0.001"/>
  <testcase name="validDirectoryFileTest" classname="brut.androlib.util.UnknownDirectoryTraversalTest" time="0.001"/>
  <testcase name="invalidBackwardFileTest" classname="brut.androlib.util.UnknownDirectoryTraversalTest" time="0.0"/>
  <testcase name="invalidRootFileTest" classname="brut.androlib.util.UnknownDirectoryTraversalTest" time="0.0"/>
  <testcase name="validFileTest" classname="brut.androlib.util.UnknownDirectoryTraversalTest" time="0.001"/>
  <testcase name="noFilePassedTest" classname="brut.androlib.util.UnknownDirectoryTraversalTest" time="0.0"/>
  <system-out><![CDATA[]]></system-out>
  <system-err><![CDATA[]]></system-err>
</testsuite>
