<?xml version="1.0" encoding="UTF-8"?>
<testsuite name="brut.androlib.decode.DecodeKotlinCoroutinesTest" tests="2" skipped="0" failures="0" errors="0" timestamp="2020-10-19T04:32:54" hostname="DESKTOP-FCPO06O" time="10.562">
  <properties/>
  <testcase name="kotlinCoroutinesDecodeTest" classname="brut.androlib.decode.DecodeKotlinCoroutinesTest" time="2.01"/>
  <testcase name="kotlinCoroutinesEncodeAfterDecodeTest" classname="brut.androlib.decode.DecodeKotlinCoroutinesTest" time="8.552"/>
  <system-out><![CDATA[]]></system-out>
  <system-err><![CDATA[十月 19, 2020 12:32:54 下午 brut.androlib.ApkDecoder decode
信息: Using Apktool 2.4.2-dirty on test-kotlin-coroutines.apk
十月 19, 2020 12:32:54 下午 brut.androlib.res.AndrolibResources loadMainPkg
信息: Loading resource table...
十月 19, 2020 12:32:54 下午 brut.androlib.res.AndrolibResources decodeManifestWithResources
信息: Decoding AndroidManifest.xml with resources...
十月 19, 2020 12:32:54 下午 brut.androlib.res.AndrolibResources loadFrameworkPkg
信息: Loading resource table from file: C:\Users\Yang\AppData\Local\apktool\framework\1.apk
十月 19, 2020 12:32:55 下午 brut.androlib.res.AndrolibResources adjustPackageManifest
信息: Regular manifest package...
十月 19, 2020 12:32:55 下午 brut.androlib.res.AndrolibResources decode
信息: Decoding file-resources...
十月 19, 2020 12:32:55 下午 brut.androlib.res.AndrolibResources decode
信息: Decoding values */* XMLs...
十月 19, 2020 12:32:55 下午 brut.androlib.Androlib decodeSourcesSmali
信息: Baksmaling classes.dex...
十月 19, 2020 12:32:56 下午 brut.androlib.Androlib decodeRawFiles
信息: Copying assets and libs...
十月 19, 2020 12:32:56 下午 brut.androlib.Androlib decodeUnknownFiles
信息: Copying unknown files...
十月 19, 2020 12:32:56 下午 brut.androlib.Androlib writeOriginalFiles
信息: Copying original files...
十月 19, 2020 12:32:56 下午 brut.androlib.Androlib writeOriginalFiles
信息: Copying META-INF/services directory
十月 19, 2020 12:32:58 下午 brut.androlib.ApkDecoder decode
信息: Using Apktool 2.4.2-dirty on test-kotlin-coroutines.apk
十月 19, 2020 12:32:58 下午 brut.androlib.res.AndrolibResources loadMainPkg
信息: Loading resource table...
十月 19, 2020 12:32:58 下午 brut.androlib.res.AndrolibResources decodeManifestWithResources
信息: Decoding AndroidManifest.xml with resources...
十月 19, 2020 12:32:58 下午 brut.androlib.res.AndrolibResources loadFrameworkPkg
信息: Loading resource table from file: C:\Users\Yang\AppData\Local\apktool\framework\1.apk
十月 19, 2020 12:32:58 下午 brut.androlib.res.AndrolibResources adjustPackageManifest
信息: Regular manifest package...
十月 19, 2020 12:32:58 下午 brut.androlib.res.AndrolibResources decode
信息: Decoding file-resources...
十月 19, 2020 12:32:58 下午 brut.androlib.res.AndrolibResources decode
信息: Decoding values */* XMLs...
十月 19, 2020 12:32:58 下午 brut.androlib.Androlib decodeSourcesSmali
信息: Baksmaling classes.dex...
十月 19, 2020 12:32:59 下午 brut.androlib.Androlib decodeRawFiles
信息: Copying assets and libs...
十月 19, 2020 12:33:00 下午 brut.androlib.Androlib decodeUnknownFiles
信息: Copying unknown files...
十月 19, 2020 12:33:00 下午 brut.androlib.Androlib writeOriginalFiles
信息: Copying original files...
十月 19, 2020 12:33:00 下午 brut.androlib.Androlib writeOriginalFiles
信息: Copying META-INF/services directory
十月 19, 2020 12:33:00 下午 brut.androlib.Androlib build
信息: Using Apktool 2.4.2-dirty
十月 19, 2020 12:33:00 下午 brut.androlib.Androlib buildSourcesSmali
信息: Checking whether sources has changed...
十月 19, 2020 12:33:00 下午 brut.androlib.Androlib buildSourcesSmali
信息: Smaling smali folder into classes.dex...
十月 19, 2020 12:33:01 下午 brut.androlib.Androlib buildResourcesFull
信息: Checking whether resources has changed...
十月 19, 2020 12:33:01 下午 brut.androlib.Androlib buildResourcesFull
信息: Building resources...
十月 19, 2020 12:33:02 下午 brut.androlib.Androlib buildLibrary
信息: Copying libs... (/kotlin)
十月 19, 2020 12:33:02 下午 brut.androlib.Androlib buildLibrary
信息: Copying libs... (/META-INF/services)
十月 19, 2020 12:33:02 下午 brut.androlib.Androlib buildApk
信息: Building apk file...
十月 19, 2020 12:33:02 下午 brut.androlib.Androlib buildUnknownFiles
信息: Copying unknown files/dir...
十月 19, 2020 12:33:02 下午 brut.androlib.Androlib build
信息: Built apk...
十月 19, 2020 12:33:02 下午 brut.androlib.ApkDecoder decode
信息: Using Apktool 2.4.2-dirty on test-kotlin-coroutines.apk
十月 19, 2020 12:33:02 下午 brut.androlib.res.AndrolibResources loadMainPkg
信息: Loading resource table...
十月 19, 2020 12:33:02 下午 brut.androlib.res.AndrolibResources decodeManifestWithResources
信息: Decoding AndroidManifest.xml with resources...
十月 19, 2020 12:33:02 下午 brut.androlib.res.AndrolibResources loadFrameworkPkg
信息: Loading resource table from file: C:\Users\Yang\AppData\Local\apktool\framework\1.apk
十月 19, 2020 12:33:03 下午 brut.androlib.res.AndrolibResources adjustPackageManifest
信息: Regular manifest package...
十月 19, 2020 12:33:03 下午 brut.androlib.res.AndrolibResources decode
信息: Decoding file-resources...
十月 19, 2020 12:33:03 下午 brut.androlib.res.AndrolibResources decode
信息: Decoding values */* XMLs...
十月 19, 2020 12:33:03 下午 brut.androlib.Androlib decodeSourcesSmali
信息: Baksmaling classes.dex...
十月 19, 2020 12:33:04 下午 brut.androlib.Androlib decodeRawFiles
信息: Copying assets and libs...
十月 19, 2020 12:33:04 下午 brut.androlib.Androlib decodeUnknownFiles
信息: Copying unknown files...
十月 19, 2020 12:33:05 下午 brut.androlib.Androlib writeOriginalFiles
信息: Copying original files...
十月 19, 2020 12:33:05 下午 brut.androlib.Androlib writeOriginalFiles
信息: Copying META-INF/services directory
]]></system-err>
</testsuite>
