<?xml version="1.0" encoding="UTF-8"?>
<testsuite name="brut.androlib.decode.DecodeArrayTest" tests="2" skipped="0" failures="0" errors="0" timestamp="2020-10-19T04:32:54" hostname="DESKTOP-FCPO06O" time="0.01">
  <properties/>
  <testcase name="decodeStringArray" classname="brut.androlib.decode.DecodeArrayTest" time="0.005"/>
  <testcase name="decodeArray" classname="brut.androlib.decode.DecodeArrayTest" time="0.005"/>
  <system-out><![CDATA[]]></system-out>
  <system-err><![CDATA[十月 19, 2020 12:32:54 下午 brut.androlib.res.AndrolibResources loadMainPkg
信息: Loading resource table...
十月 19, 2020 12:32:54 下午 brut.androlib.res.AndrolibResources loadMainPkg
信息: Loading resource table...
]]></system-err>
</testsuite>
